INFO:gen-server:Loading tokenizer/model to cpu ...
Traceback (most recent call last):
  File "/Users/juhong/.pyenv/versions/3.11.8/envs/.venv/lib/python3.11/site-packages/huggingface_hub/utils/_http.py", line 402, in hf_raise_for_status
    response.raise_for_status()
  File "/Users/juhong/.pyenv/versions/3.11.8/envs/.venv/lib/python3.11/site-packages/requests/models.py", line 1026, in raise_for_status
    raise HTTPError(http_error_msg, response=self)
requests.exceptions.HTTPError: 401 Client Error: Unauthorized for url: https://huggingface.co/google/gemma-3-1b-it/resolve/main/config.json

The above exception was the direct cause of the following exception:

Traceback (most recent call last):
  File "/Users/juhong/.pyenv/versions/3.11.8/envs/.venv/lib/python3.11/site-packages/transformers/utils/hub.py", line 479, in cached_files
    hf_hub_download(
  File "/Users/juhong/.pyenv/versions/3.11.8/envs/.venv/lib/python3.11/site-packages/huggingface_hub/utils/_validators.py", line 114, in _inner_fn
    return fn(*args, **kwargs)
           ^^^^^^^^^^^^^^^^^^^
  File "/Users/juhong/.pyenv/versions/3.11.8/envs/.venv/lib/python3.11/site-packages/huggingface_hub/file_download.py", line 1007, in hf_hub_download
    return _hf_hub_download_to_cache_dir(
           ^^^^^^^^^^^^^^^^^^^^^^^^^^^^^^
  File "/Users/juhong/.pyenv/versions/3.11.8/envs/.venv/lib/python3.11/site-packages/huggingface_hub/file_download.py", line 1114, in _hf_hub_download_to_cache_dir
    _raise_on_head_call_error(head_call_error, force_download, local_files_only)
  File "/Users/juhong/.pyenv/versions/3.11.8/envs/.venv/lib/python3.11/site-packages/huggingface_hub/file_download.py", line 1655, in _raise_on_head_call_error
    raise head_call_error
  File "/Users/juhong/.pyenv/versions/3.11.8/envs/.venv/lib/python3.11/site-packages/huggingface_hub/file_download.py", line 1543, in _get_metadata_or_catch_error
    metadata = get_hf_file_metadata(
               ^^^^^^^^^^^^^^^^^^^^^
  File "/Users/juhong/.pyenv/versions/3.11.8/envs/.venv/lib/python3.11/site-packages/huggingface_hub/utils/_validators.py", line 114, in _inner_fn
    return fn(*args, **kwargs)
           ^^^^^^^^^^^^^^^^^^^
  File "/Users/juhong/.pyenv/versions/3.11.8/envs/.venv/lib/python3.11/site-packages/huggingface_hub/file_download.py", line 1460, in get_hf_file_metadata
    r = _request_wrapper(
        ^^^^^^^^^^^^^^^^^
  File "/Users/juhong/.pyenv/versions/3.11.8/envs/.venv/lib/python3.11/site-packages/huggingface_hub/file_download.py", line 283, in _request_wrapper
    response = _request_wrapper(
               ^^^^^^^^^^^^^^^^^
  File "/Users/juhong/.pyenv/versions/3.11.8/envs/.venv/lib/python3.11/site-packages/huggingface_hub/file_download.py", line 307, in _request_wrapper
    hf_raise_for_status(response)
  File "/Users/juhong/.pyenv/versions/3.11.8/envs/.venv/lib/python3.11/site-packages/huggingface_hub/utils/_http.py", line 419, in hf_raise_for_status
    raise _format(GatedRepoError, message, response) from e
huggingface_hub.errors.GatedRepoError: 401 Client Error. (Request ID: Root=1-692a6c14-4c058b13456fbe37041dc2f0;5debe7fd-6570-4687-b0ca-42197504bd62)

Cannot access gated repo for url https://huggingface.co/google/gemma-3-1b-it/resolve/main/config.json.
Access to model google/gemma-3-1b-it is restricted. You must have access to it and be authenticated to access it. Please log in.

The above exception was the direct cause of the following exception:

Traceback (most recent call last):
  File "/Users/juhong/.pyenv/versions/.venv/bin/uvicorn", line 8, in <module>
    sys.exit(main())
             ^^^^^^
  File "/Users/juhong/.pyenv/versions/3.11.8/envs/.venv/lib/python3.11/site-packages/click/core.py", line 1485, in __call__
    return self.main(*args, **kwargs)
           ^^^^^^^^^^^^^^^^^^^^^^^^^^
  File "/Users/juhong/.pyenv/versions/3.11.8/envs/.venv/lib/python3.11/site-packages/click/core.py", line 1406, in main
    rv = self.invoke(ctx)
         ^^^^^^^^^^^^^^^^
  File "/Users/juhong/.pyenv/versions/3.11.8/envs/.venv/lib/python3.11/site-packages/click/core.py", line 1269, in invoke
    return ctx.invoke(self.callback, **ctx.params)
           ^^^^^^^^^^^^^^^^^^^^^^^^^^^^^^^^^^^^^^^
  File "/Users/juhong/.pyenv/versions/3.11.8/envs/.venv/lib/python3.11/site-packages/click/core.py", line 824, in invoke
    return callback(*args, **kwargs)
           ^^^^^^^^^^^^^^^^^^^^^^^^^
  File "/Users/juhong/.pyenv/versions/3.11.8/envs/.venv/lib/python3.11/site-packages/uvicorn/main.py", line 423, in main
    run(
  File "/Users/juhong/.pyenv/versions/3.11.8/envs/.venv/lib/python3.11/site-packages/uvicorn/main.py", line 593, in run
    server.run()
  File "/Users/juhong/.pyenv/versions/3.11.8/envs/.venv/lib/python3.11/site-packages/uvicorn/server.py", line 67, in run
    return asyncio_run(self.serve(sockets=sockets), loop_factory=self.config.get_loop_factory())
           ^^^^^^^^^^^^^^^^^^^^^^^^^^^^^^^^^^^^^^^^^^^^^^^^^^^^^^^^^^^^^^^^^^^^^^^^^^^^^^^^^^^^^
  File "/Users/juhong/.pyenv/versions/3.11.8/envs/.venv/lib/python3.11/site-packages/uvicorn/_compat.py", line 23, in asyncio_run
    return runner.run(main)
           ^^^^^^^^^^^^^^^^
  File "/Users/juhong/.pyenv/versions/3.11.8/lib/python3.11/asyncio/runners.py", line 118, in run
    return self._loop.run_until_complete(task)
           ^^^^^^^^^^^^^^^^^^^^^^^^^^^^^^^^^^^
  File "/Users/juhong/.pyenv/versions/3.11.8/lib/python3.11/asyncio/base_events.py", line 654, in run_until_complete
    return future.result()
           ^^^^^^^^^^^^^^^
  File "/Users/juhong/.pyenv/versions/3.11.8/envs/.venv/lib/python3.11/site-packages/uvicorn/server.py", line 71, in serve
    await self._serve(sockets)
  File "/Users/juhong/.pyenv/versions/3.11.8/envs/.venv/lib/python3.11/site-packages/uvicorn/server.py", line 78, in _serve
    config.load()
  File "/Users/juhong/.pyenv/versions/3.11.8/envs/.venv/lib/python3.11/site-packages/uvicorn/config.py", line 438, in load
    self.loaded_app = import_from_string(self.app)
                      ^^^^^^^^^^^^^^^^^^^^^^^^^^^^
  File "/Users/juhong/.pyenv/versions/3.11.8/envs/.venv/lib/python3.11/site-packages/uvicorn/importer.py", line 19, in import_from_string
    module = importlib.import_module(module_str)
             ^^^^^^^^^^^^^^^^^^^^^^^^^^^^^^^^^^^
  File "/Users/juhong/.pyenv/versions/3.11.8/lib/python3.11/importlib/__init__.py", line 126, in import_module
    return _bootstrap._gcd_import(name[level:], package, level)
           ^^^^^^^^^^^^^^^^^^^^^^^^^^^^^^^^^^^^^^^^^^^^^^^^^^^^
  File "<frozen importlib._bootstrap>", line 1204, in _gcd_import
  File "<frozen importlib._bootstrap>", line 1176, in _find_and_load
  File "<frozen importlib._bootstrap>", line 1147, in _find_and_load_unlocked
  File "<frozen importlib._bootstrap>", line 690, in _load_unlocked
  File "<frozen importlib._bootstrap_external>", line 940, in exec_module
  File "<frozen importlib._bootstrap>", line 241, in _call_with_frames_removed
  File "/Users/juhong/Desktop/thinker/thinkmate/server/app.py", line 33, in <module>
    tokenizer = AutoTokenizer.from_pretrained("google/gemma-3-1b-it")
                ^^^^^^^^^^^^^^^^^^^^^^^^^^^^^^^^^^^^^^^^^^^^^^^^^^^^^
  File "/Users/juhong/.pyenv/versions/3.11.8/envs/.venv/lib/python3.11/site-packages/transformers/models/auto/tokenization_auto.py", line 1109, in from_pretrained
    config = AutoConfig.from_pretrained(
             ^^^^^^^^^^^^^^^^^^^^^^^^^^^
  File "/Users/juhong/.pyenv/versions/3.11.8/envs/.venv/lib/python3.11/site-packages/transformers/models/auto/configuration_auto.py", line 1332, in from_pretrained
    config_dict, unused_kwargs = PretrainedConfig.get_config_dict(pretrained_model_name_or_path, **kwargs)
                                 ^^^^^^^^^^^^^^^^^^^^^^^^^^^^^^^^^^^^^^^^^^^^^^^^^^^^^^^^^^^^^^^^^^^^^^^^^
  File "/Users/juhong/.pyenv/versions/3.11.8/envs/.venv/lib/python3.11/site-packages/transformers/configuration_utils.py", line 662, in get_config_dict
    config_dict, kwargs = cls._get_config_dict(pretrained_model_name_or_path, **kwargs)
                          ^^^^^^^^^^^^^^^^^^^^^^^^^^^^^^^^^^^^^^^^^^^^^^^^^^^^^^^^^^^^^
  File "/Users/juhong/.pyenv/versions/3.11.8/envs/.venv/lib/python3.11/site-packages/transformers/configuration_utils.py", line 721, in _get_config_dict
    resolved_config_file = cached_file(
                           ^^^^^^^^^^^^
  File "/Users/juhong/.pyenv/versions/3.11.8/envs/.venv/lib/python3.11/site-packages/transformers/utils/hub.py", line 322, in cached_file
    file = cached_files(path_or_repo_id=path_or_repo_id, filenames=[filename], **kwargs)
           ^^^^^^^^^^^^^^^^^^^^^^^^^^^^^^^^^^^^^^^^^^^^^^^^^^^^^^^^^^^^^^^^^^^^^^^^^^^^^
  File "/Users/juhong/.pyenv/versions/3.11.8/envs/.venv/lib/python3.11/site-packages/transformers/utils/hub.py", line 543, in cached_files
    raise OSError(
OSError: You are trying to access a gated repo.
Make sure to have access to it at https://huggingface.co/google/gemma-3-1b-it.
401 Client Error. (Request ID: Root=1-692a6c14-4c058b13456fbe37041dc2f0;5debe7fd-6570-4687-b0ca-42197504bd62)

Cannot access gated repo for url https://huggingface.co/google/gemma-3-1b-it/resolve/main/config.json.
Access to model google/gemma-3-1b-it is restricted. You must have access to it and be authenticated to access it. Please log in.
